[debug] [2024-08-08T10:49:48.597Z] ----------------------------------------------------------------------
[debug] [2024-08-08T10:49:48.599Z] Command:       C:\Program Files\nodejs\node.exe C:\Users\devas\AppData\Roaming\npm\node_modules\firebase-tools\lib\bin\firebase.js init
[debug] [2024-08-08T10:49:48.599Z] CLI Version:   13.11.4
[debug] [2024-08-08T10:49:48.599Z] Platform:      win32
[debug] [2024-08-08T10:49:48.599Z] Node Version:  v20.14.0
[debug] [2024-08-08T10:49:48.599Z] Time:          Thu Aug 08 2024 16:19:48 GMT+0530 (India Standard Time)
[debug] [2024-08-08T10:49:48.599Z] ----------------------------------------------------------------------
[debug] 
[debug] [2024-08-08T10:49:48.604Z] > command requires scopes: ["email","openid","https://www.googleapis.com/auth/cloudplatformprojects.readonly","https://www.googleapis.com/auth/firebase","https://www.googleapis.com/auth/cloud-platform"]
[debug] [2024-08-08T10:49:48.604Z] > authorizing via signed-in user (devashish720006@gmail.com)
[info] 
     ######## #### ########  ######## ########     ###     ######  ########
     ##        ##  ##     ## ##       ##     ##  ##   ##  ##       ##
     ######    ##  ########  ######   ########  #########  ######  ######
     ##        ##  ##    ##  ##       ##     ## ##     ##       ## ##
     ##       #### ##     ## ######## ########  ##     ##  ######  ########

You're about to initialize a Firebase project in this directory:

  C:\Users\devas\Desktop\next-dtu_blog\dtu_blog

[info] 
=== Project Setup
[info] 
[info] First, let's associate this project directory with a Firebase project.
[info] You can create multiple project aliases by running firebase use --add, 
[info] but for now we'll just set up a default project.
[info] 
[debug] [2024-08-08T10:49:59.154Z] > refreshing access token with scopes: []
[debug] [2024-08-08T10:49:59.157Z] >>> [apiv2][query] POST https://www.googleapis.com/oauth2/v3/token [none]
[debug] [2024-08-08T10:49:59.157Z] >>> [apiv2][body] POST https://www.googleapis.com/oauth2/v3/token [omitted]
[debug] [2024-08-08T10:49:59.539Z] <<< [apiv2][status] POST https://www.googleapis.com/oauth2/v3/token 200
[debug] [2024-08-08T10:49:59.539Z] <<< [apiv2][body] POST https://www.googleapis.com/oauth2/v3/token [omitted]
[debug] [2024-08-08T10:49:59.545Z] >>> [apiv2][query] GET https://firebase.googleapis.com/v1beta1/availableProjects pageSize=100
[debug] [2024-08-08T10:50:00.512Z] <<< [apiv2][status] GET https://firebase.googleapis.com/v1beta1/availableProjects 200
[debug] [2024-08-08T10:50:00.512Z] <<< [apiv2][body] GET https://firebase.googleapis.com/v1beta1/availableProjects [omitted]
